<?xml version="1.0" encoding="utf-8"?>
<coverage line-rate="1" branch-rate="1" version="1.9" timestamp="1599089167" lines-covered="35" lines-valid="35" branches-covered="2" branches-valid="2">
  <sources>
    <source>C:\trabalho\projetosjuliano\diarios\arquitetura\TesteUnitario\TrabalhoPosPositivo\Wheater\</source>
  </sources>
  <packages>
    <package name="Weather.Model" line-rate="1" branch-rate="1" complexity="4">
      <classes>
        <class name="Weather.Model.WeatherForecast" filename="Wheather.Model\WeatherForecast.cs" line-rate="1" branch-rate="1" complexity="4">
          <methods>
            <method name="get_Date" signature="()" line-rate="1" branch-rate="1">
              <lines>
                <line number="7" hits="38" branch="False" />
              </lines>
            </method>
            <method name="get_TemperatureC" signature="()" line-rate="1" branch-rate="1">
              <lines>
                <line number="9" hits="39" branch="False" />
              </lines>
            </method>
            <method name="get_TemperatureF" signature="()" line-rate="1" branch-rate="1">
              <lines>
                <line number="11" hits="1" branch="False" />
              </lines>
            </method>
            <method name="get_Summary" signature="()" line-rate="1" branch-rate="1">
              <lines>
                <line number="13" hits="41" branch="False" />
              </lines>
            </method>
          </methods>
          <lines>
            <line number="7" hits="38" branch="False" />
            <line number="9" hits="39" branch="False" />
            <line number="11" hits="1" branch="False" />
            <line number="13" hits="41" branch="False" />
          </lines>
        </class>
      </classes>
    </package>
    <package name="Weather.Services" line-rate="1" branch-rate="1" complexity="5">
      <classes>
        <class name="Weather.Services.WeatherService" filename="Wheather.Services\WeatherService.cs" line-rate="1" branch-rate="1" complexity="5">
          <methods>
            <method name="GetAll" signature="()" line-rate="1" branch-rate="1">
              <lines>
                <line number="21" hits="3" branch="False" />
                <line number="22" hits="3" branch="False" />
                <line number="23" hits="33" branch="False" />
                <line number="24" hits="33" branch="False" />
                <line number="25" hits="33" branch="False" />
                <line number="26" hits="33" branch="False" />
                <line number="27" hits="33" branch="False" />
                <line number="28" hits="33" branch="False" />
                <line number="29" hits="3" branch="False" />
                <line number="30" hits="3" branch="False" />
              </lines>
            </method>
            <method name="GetByName" signature="(System.String)" line-rate="1" branch-rate="1">
              <lines>
                <line number="33" hits="2" branch="False" />
                <line number="34" hits="2" branch="True" condition-coverage="100% (2/2)">
                  <conditions>
                    <condition number="30" type="jump" coverage="100%" />
                  </conditions>
                </line>
                <line number="35" hits="1" branch="False" />
                <line number="36" hits="1" branch="False" />
                <line number="37" hits="6" branch="False" />
                <line number="38" hits="6" branch="False" />
                <line number="39" hits="6" branch="False" />
                <line number="40" hits="6" branch="False" />
                <line number="41" hits="6" branch="False" />
                <line number="42" hits="6" branch="False" />
                <line number="43" hits="4" branch="False" />
                <line number="46" hits="1" branch="False" />
                <line number="47" hits="1" branch="False" />
                <line number="49" hits="1" branch="False" />
              </lines>
            </method>
            <method name=".ctor" signature="()" line-rate="1" branch-rate="1">
              <lines>
                <line number="10" hits="5" branch="False" />
                <line number="11" hits="5" branch="False" />
                <line number="13" hits="5" branch="False" />
              </lines>
            </method>
            <method name=".cctor" signature="()" line-rate="1" branch-rate="1">
              <lines>
                <line number="15" hits="1" branch="False" />
                <line number="16" hits="1" branch="False" />
                <line number="17" hits="1" branch="False" />
                <line number="18" hits="1" branch="False" />
              </lines>
            </method>
          </methods>
          <lines>
            <line number="21" hits="3" branch="False" />
            <line number="22" hits="3" branch="False" />
            <line number="23" hits="33" branch="False" />
            <line number="24" hits="33" branch="False" />
            <line number="25" hits="33" branch="False" />
            <line number="26" hits="33" branch="False" />
            <line number="27" hits="33" branch="False" />
            <line number="28" hits="33" branch="False" />
            <line number="29" hits="3" branch="False" />
            <line number="30" hits="3" branch="False" />
            <line number="33" hits="2" branch="False" />
            <line number="34" hits="2" branch="True" condition-coverage="100% (2/2)">
              <conditions>
                <condition number="30" type="jump" coverage="100%" />
              </conditions>
            </line>
            <line number="35" hits="1" branch="False" />
            <line number="36" hits="1" branch="False" />
            <line number="37" hits="6" branch="False" />
            <line number="38" hits="6" branch="False" />
            <line number="39" hits="6" branch="False" />
            <line number="40" hits="6" branch="False" />
            <line number="41" hits="6" branch="False" />
            <line number="42" hits="6" branch="False" />
            <line number="43" hits="4" branch="False" />
            <line number="46" hits="1" branch="False" />
            <line number="47" hits="1" branch="False" />
            <line number="49" hits="1" branch="False" />
            <line number="10" hits="5" branch="False" />
            <line number="11" hits="5" branch="False" />
            <line number="13" hits="5" branch="False" />
            <line number="15" hits="1" branch="False" />
            <line number="16" hits="1" branch="False" />
            <line number="17" hits="1" branch="False" />
            <line number="18" hits="1" branch="False" />
          </lines>
        </class>
      </classes>
    </package>
  </packages>
</coverage>